


<USER QUESTION> who is barack obama?

<COREECT ANSWER> barack obama is an American politician who served as the 44th President of the United States.
<MY ANSWER> barack obama is an American politician who served as the 44th President of the United States from January 20, 2009 to January 20, 2017. (Correct)


<USER QUESTION> who is donald trump?
<COREECT ANSWER> donald trump is the 45th and current President of the United States, in office since January 20, 2017.
<MY ANSWER> donald trump is the 45th and current President of the United States, in office since January 20, 2017.(Correct)



<USER QUESTION> who is jimi hendrix?
<COREECT ANSWER> jimi hendrix was an American rock guitarist, singer, and songwriter.
<ANSWER> jimi hendrix was an American rock guitarist, singer, and songwriter.(Correct)



<USER QUESTION> What is a computer?
<COREECT ANSWER> computer is a device that can be instructed to carry out sequences of arithmetic or logical operations automatically.
<ANSWER> computer is a device that can be instructed to carry out sequences of arithmetic or logical operations automatically.(Correct)



<USER QUESTION> What is a rifle?
<COREECT ANSWER> rifle is a portable long-barrelled firearm designed for precision shooting.
<ANSWER> rifle is a portable long-barrelled firearm designed for precision shooting, to be held with both hands and braced against the shoulder during firing, and with a barrel that has a helical pattern of grooves ("rifling") cut into the bore walls. (Correct)



<USER QUESTION> What is big bang?
<COREECT ANSWER> is the prevailing cosmological model for the universe
<MY ANSWER> big bang is represented at each time by the circular sections.(Incorrect)



<USER QUESTION> What is the moon?
<COREECT ANSWER> The Moon is an astronomical body that orbits planet Earth, being Earth's only permanent natural satellite.
<MY ANSWER> moon is patterned with a mix of light-tone | regions and darker, irregular blotches, and scattered with varying sizes of | impact craters, circles surrounded by out-thrown rays of bright ejecta.(Incorrect)



<USER QUESTION> What is game theory?
<COREECT ANSWER> game theory is "the study of mathematical models of conflict and cooperation between intelligent rational decision-makers".
<MY ANSWER> game theory is "the study of mathematical models of conflict and cooperation between intelligent rational decision-makers". (Correct)



<USER QUESTION> when is christmas?
<COREECT ANSWER> christmas is on December 25 Several branches of Eastern Christianity that use the Julian calendar also celebrate on December 25 according to that calendar, which is now January 7 on the Gregorian calendar.
<ANSWER> christmas is on December 25 Several branches of Eastern Christianity that use the Julian calendar also celebrate on December 25 according to that calendar, which is now January 7 on the Gregorian calendar. (Correct)



<USER QUESTION> when did muhammad ali die?
<COREECT ANSWER> Muhmmad Ali died on June 3, 2016.
<MY ANSWER> muhammad ali die on the wall, not the Walk of Fame url . (Incorrect)



<USER QUESTION> when did hitler die?
<COREECT ANSWER> Hitle died on April 30, 1945
<MY ANSWER> hitler die during his service in the German Army in World War I. (Incorrect)



<USER QUESTION> when is easter?
<COREECT ANSWER> easter is on the third day of his burial after his crucifixion by the Romans at Calvary 30 AD.  
<MY ANSWER> easter is on the third day of his burial after his crucifixion by the Romans at Calvary 30 AD. (Correct, There is no fixed date)



<USER QUESTION> when is mothers day?
<COREECT ANSWER> mothers day is celebrated on various days in many parts of the world.
<ANSWER> mothers day is celebrated on various days in many parts of the world.



<USER QUESTION> when is normandy landings?
<COREECT ANSWER>
<ANSWER> normandy landings is on Omaha Beach on the morning of 6 June 1944 date .



<USER QUESTION> where is paris?
<COREECT ANSWER>
<ANSWER> paris is located just north of Paris in the neighbouring commune of Saint-Denis.



<USER QUESTION> where is Eiffel Tower?

<ANSWER> Eiffel Tower is in Paris.



<USER QUESTION> where is tehran

<ANSWER> tehran is in Iran and.



<USER QUESTION> where is new york city

<ANSWER> Rocky Mountain National Park is located approximately northwest of Denver International Airport in north-central Colorado.



<USER QUESTION> Where is Great Pyramid of Giza?

<ANSWER> Great Pyramid of Giza is in the Giza pyramid complex bordering what is now El Giza.



<USER QUESTION> Where is Museum of Modern Art?

<ANSWER> Museum of Modern Art is located in Midtown Manhattan in New York City.



<USER QUESTION> Where is Coachella Valley?

<ANSWER> Coachella Valley is in Southern California which extends for approximately in Riverside County southeast from the San Bernardino Mountains to the northern shore of the Salton Sea.
